<?xml version="1.0" encoding="UTF-8"?>
<!-- Generated by org.testng.reporters.JUnitXMLReporter -->
<testsuite ignored="0" hostname="LAPTOP-C1K87L6V" failures="0" tests="6" name="Test" time="2.365" errors="0" timestamp="2023-07-30T11:23:28 IST">
  <testcase classname="org.testing.testScripts.TC1_PostRequest" name="testCase1" time="2.026"/>
  <testcase classname="org.testing.testScripts.TC2_GetAllRequest" name="testCase2" time="0.077"/>
  <testcase classname="org.testing.testScripts.TC3_GetParticularRequest" name="testCase3" time="0.067"/>
  <testcase classname="org.testing.testScripts.TC4_PutRequest" name="testCase4" time="0.048"/>
  <testcase classname="org.testing.testScripts.TC5_PatchRequest" name="testCase5" time="0.042"/>
  <testcase classname="org.testing.testScripts.TC6_DeleteParticularRequest" name="testCase6" time="0.042"/>
</testsuite> <!-- Test -->
