<?xml version="1.0" encoding="UTF-8"?>
<testng-results ignored="0" total="6" passed="6" failed="0" skipped="0">
  <reporter-output>
  </reporter-output>
  <suite started-at="2023-07-30T11:23:25 IST" name="Suite" finished-at="2023-07-30T11:23:28 IST" duration-ms="2365">
    <groups>
    </groups>
    <test started-at="2023-07-30T11:23:25 IST" name="Test" finished-at="2023-07-30T11:23:28 IST" duration-ms="2365">
      <class name="org.testing.testScripts.TC5_PatchRequest">
        <test-method signature="testCase5()[pri:0, instance:org.testing.testScripts.TC5_PatchRequest@4b0d79fc]" started-at="2023-07-30T11:23:27 IST" name="testCase5" finished-at="2023-07-30T11:23:27 IST" duration-ms="42" status="PASS">
          <reporter-output>
          </reporter-output>
        </test-method> <!-- testCase5 -->
      </class> <!-- org.testing.testScripts.TC5_PatchRequest -->
      <class name="org.testing.testScripts.TC2_GetAllRequest">
        <test-method signature="testCase2()[pri:0, instance:org.testing.testScripts.TC2_GetAllRequest@2dc54ad4]" started-at="2023-07-30T11:23:27 IST" name="testCase2" finished-at="2023-07-30T11:23:27 IST" duration-ms="77" status="PASS">
          <reporter-output>
          </reporter-output>
        </test-method> <!-- testCase2 -->
      </class> <!-- org.testing.testScripts.TC2_GetAllRequest -->
      <class name="org.testing.testScripts.TC3_GetParticularRequest">
        <test-method signature="testCase3()[pri:0, instance:org.testing.testScripts.TC3_GetParticularRequest@4659191b]" started-at="2023-07-30T11:23:27 IST" name="testCase3" finished-at="2023-07-30T11:23:27 IST" duration-ms="67" status="PASS">
          <reporter-output>
          </reporter-output>
        </test-method> <!-- testCase3 -->
      </class> <!-- org.testing.testScripts.TC3_GetParticularRequest -->
      <class name="org.testing.testScripts.TC1_PostRequest">
        <test-method signature="testCase1()[pri:0, instance:org.testing.testScripts.TC1_PostRequest@23c30a20]" started-at="2023-07-30T11:23:25 IST" name="testCase1" finished-at="2023-07-30T11:23:27 IST" duration-ms="2026" status="PASS">
          <reporter-output>
          </reporter-output>
        </test-method> <!-- testCase1 -->
      </class> <!-- org.testing.testScripts.TC1_PostRequest -->
      <class name="org.testing.testScripts.TC4_PutRequest">
        <test-method signature="testCase4()[pri:0, instance:org.testing.testScripts.TC4_PutRequest@55634720]" started-at="2023-07-30T11:23:27 IST" name="testCase4" finished-at="2023-07-30T11:23:27 IST" duration-ms="48" status="PASS">
          <reporter-output>
          </reporter-output>
        </test-method> <!-- testCase4 -->
      </class> <!-- org.testing.testScripts.TC4_PutRequest -->
      <class name="org.testing.testScripts.TC6_DeleteParticularRequest">
        <test-method signature="testCase6()[pri:0, instance:org.testing.testScripts.TC6_DeleteParticularRequest@4c1909a3]" started-at="2023-07-30T11:23:27 IST" name="testCase6" finished-at="2023-07-30T11:23:27 IST" duration-ms="42" status="PASS">
          <reporter-output>
          </reporter-output>
        </test-method> <!-- testCase6 -->
      </class> <!-- org.testing.testScripts.TC6_DeleteParticularRequest -->
    </test> <!-- Test -->
  </suite> <!-- Suite -->
</testng-results>
